<?xml version="1.0" encoding="UTF-8"?>
<!-- Generated by org.testng.reporters.JUnitReportReporter -->
<testsuite hostname="Radhil_M_R" failures="0" tests="2" name="testscript.Annotations" time="0.013" errors="0" timestamp="2025-01-30T04:54:52 IST" skipped="0">
  <testcase classname="testscript.Annotations" name="testCase2" time="0.012"/>
  <testcase classname="testscript.Annotations" name="testCase" time="0.001"/>
</testsuite> <!-- testscript.Annotations -->
